{"/Users/budi/Sites/opensource/vscode-dash/out/src/dash.js":{"path":"/Users/budi/Sites/opensource/vscode-dash/out/src/dash.js","s":{"1":1,"2":1,"3":1,"4":7,"5":7,"6":7,"7":1,"8":7,"9":7,"10":3,"11":7,"12":8,"13":7,"14":7,"15":1,"16":1},"b":{"1":[7,0],"2":[3,4],"3":[7,0],"4":[6,2],"5":[4,3]},"f":{"1":1,"2":7,"3":7,"4":8},"fnMap":{"1":{"name":"(anonymous_1)","line":3,"loc":{"start":{"line":3,"column":26},"end":{"line":3,"column":38}}},"2":{"name":"Dash","line":4,"loc":{"start":{"line":4,"column":4},"end":{"line":4,"column":30}}},"3":{"name":"(anonymous_3)","line":23,"loc":{"start":{"line":23,"column":32},"end":{"line":23,"column":58}}},"4":{"name":"(anonymous_4)","line":27,"loc":{"start":{"line":27,"column":17},"end":{"line":27,"column":35}}}},"statementMap":{"1":{"start":{"line":2,"column":0},"end":{"line":2,"column":62}},"2":{"start":{"line":3,"column":0},"end":{"line":35,"column":5}},"3":{"start":{"line":4,"column":4},"end":{"line":15,"column":5}},"4":{"start":{"line":5,"column":8},"end":{"line":5,"column":21}},"5":{"start":{"line":6,"column":8},"end":{"line":13,"column":33}},"6":{"start":{"line":14,"column":8},"end":{"line":14,"column":29}},"7":{"start":{"line":23,"column":4},"end":{"line":33,"column":6}},"8":{"start":{"line":24,"column":8},"end":{"line":24,"column":25}},"9":{"start":{"line":25,"column":8},"end":{"line":25,"column":49}},"10":{"start":{"line":25,"column":34},"end":{"line":25,"column":47}},"11":{"start":{"line":26,"column":8},"end":{"line":28,"column":23}},"12":{"start":{"line":27,"column":37},"end":{"line":27,"column":101}},"13":{"start":{"line":29,"column":8},"end":{"line":29,"column":53}},"14":{"start":{"line":30,"column":8},"end":{"line":32,"column":25}},"15":{"start":{"line":34,"column":4},"end":{"line":34,"column":16}},"16":{"start":{"line":36,"column":0},"end":{"line":36,"column":20}}},"branchMap":{"1":{"line":7,"type":"binary-expr","locations":[{"start":{"line":7,"column":12},"end":{"line":13,"column":22}},{"start":{"line":13,"column":26},"end":{"line":13,"column":32}}]},"2":{"line":25,"type":"if","locations":[{"start":{"line":25,"column":8},"end":{"line":25,"column":8}},{"start":{"line":25,"column":8},"end":{"line":25,"column":8}}]},"3":{"line":26,"type":"binary-expr","locations":[{"start":{"line":26,"column":20},"end":{"line":26,"column":27}},{"start":{"line":26,"column":31},"end":{"line":26,"column":33}}]},"4":{"line":27,"type":"cond-expr","locations":[{"start":{"line":27,"column":77},"end":{"line":27,"column":85}},{"start":{"line":27,"column":88},"end":{"line":27,"column":90}}]},"5":{"line":30,"type":"cond-expr","locations":[{"start":{"line":31,"column":14},"end":{"line":31,"column":29}},{"start":{"line":32,"column":14},"end":{"line":32,"column":16}}]}}}}