TN:
SF:/Users/budi/Sites/opensource/vscode-dash/out/src/dash.js
FN:3,(anonymous_1)
FN:4,Dash
FN:23,(anonymous_3)
FN:27,(anonymous_4)
FNF:4
FNH:4
FNDA:1,(anonymous_1)
FNDA:7,Dash
FNDA:7,(anonymous_3)
FNDA:8,(anonymous_4)
DA:2,1
DA:3,1
DA:4,1
DA:5,7
DA:6,7
DA:14,7
DA:23,1
DA:24,7
DA:25,7
DA:26,7
DA:27,8
DA:29,7
DA:30,7
DA:34,1
DA:36,1
LF:15
LH:15
BRDA:7,1,0,7
BRDA:7,1,1,0
BRDA:25,2,0,3
BRDA:25,2,1,4
BRDA:26,3,0,7
BRDA:26,3,1,0
BRDA:27,4,0,6
BRDA:27,4,1,2
BRDA:30,5,0,4
BRDA:30,5,1,3
BRF:10
BRH:8
end_of_record
